{"C:\\Users\\Swift America\\Documents\\projects\\github-monitor\\src\\server\\config.ts": {"path":"C:\\Users\\Swift America\\Documents\\projects\\github-monitor\\src\\server\\config.ts","statementMap":{"0":{"start":{"line":1,"column":0},"end":{"line":1,"column":23}},"1":{"start":{"line":3,"column":13},"end":{"line":15,"column":2}}},"fnMap":{},"branchMap":{},"s":{"0":1,"1":1},"f":{},"b":{}}
,"C:\\Users\\Swift America\\Documents\\projects\\github-monitor\\src\\server\\database\\database.config.ts": {"path":"C:\\Users\\Swift America\\Documents\\projects\\github-monitor\\src\\server\\database\\database.config.ts","statementMap":{"0":{"start":{"line":2,"column":0},"end":{"line":2,"column":35}},"1":{"start":{"line":4,"column":13},"end":{"line":31,"column":2}}},"fnMap":{},"branchMap":{},"s":{"0":1,"1":1},"f":{},"b":{}}
,"C:\\Users\\Swift America\\Documents\\projects\\github-monitor\\src\\server\\database\\database.connection.ts": {"path":"C:\\Users\\Swift America\\Documents\\projects\\github-monitor\\src\\server\\database\\database.connection.ts","statementMap":{"0":{"start":{"line":1,"column":0},"end":{"line":1,"column":38}},"1":{"start":{"line":2,"column":0},"end":{"line":2,"column":51}},"2":{"start":{"line":3,"column":0},"end":{"line":3,"column":35}},"3":{"start":{"line":5,"column":21},"end":{"line":33,"column":1}},"4":{"start":{"line":6,"column":2},"end":{"line":32,"column":3}},"5":{"start":{"line":9,"column":4},"end":{"line":9,"column":43}},"6":{"start":{"line":11,"column":4},"end":{"line":20,"column":5}},"7":{"start":{"line":13,"column":8},"end":{"line":13,"column":48}},"8":{"start":{"line":14,"column":8},"end":{"line":14,"column":14}},"9":{"start":{"line":16,"column":8},"end":{"line":16,"column":47}},"10":{"start":{"line":17,"column":8},"end":{"line":17,"column":14}},"11":{"start":{"line":19,"column":8},"end":{"line":19,"column":48}},"12":{"start":{"line":23,"column":22},"end":{"line":23,"column":68}},"13":{"start":{"line":24,"column":4},"end":{"line":24,"column":21}},"14":{"start":{"line":26,"column":4},"end":{"line":26,"column":23}},"15":{"start":{"line":27,"column":4},"end":{"line":30,"column":7}},"16":{"start":{"line":31,"column":4},"end":{"line":31,"column":20}},"17":{"start":{"line":35,"column":13},"end":{"line":35,"column":40}}},"fnMap":{"0":{"name":"(anonymous_0)","decl":{"start":{"line":5,"column":21},"end":{"line":5,"column":24}},"loc":{"start":{"line":5,"column":26},"end":{"line":33,"column":1}}}},"branchMap":{"0":{"loc":{"start":{"line":11,"column":4},"end":{"line":20,"column":5}},"type":"switch","locations":[{"start":{"line":12,"column":6},"end":{"line":14,"column":14}},{"start":{"line":15,"column":6},"end":{"line":17,"column":14}},{"start":{"line":18,"column":6},"end":{"line":19,"column":48}}]}},"s":{"0":1,"1":1,"2":1,"3":1,"4":1,"5":1,"6":1,"7":0,"8":0,"9":0,"10":0,"11":1,"12":1,"13":1,"14":0,"15":0,"16":0,"17":1},"f":{"0":1},"b":{"0":[0,0,1]}}
,"C:\\Users\\Swift America\\Documents\\projects\\github-monitor\\src\\server\\database\\index.ts": {"path":"C:\\Users\\Swift America\\Documents\\projects\\github-monitor\\src\\server\\database\\index.ts","statementMap":{"0":{"start":{"line":1,"column":0},"end":{"line":1,"column":9}},"1":{"start":{"line":3,"column":9},"end":{"line":1,"column":50}}},"fnMap":{"0":{"name":"(anonymous_0)","decl":{"start":{"line":3,"column":9},"end":{"line":3,"column":18}},"loc":{"start":{"line":3,"column":9},"end":{"line":1,"column":50}}}},"branchMap":{},"s":{"0":1,"1":5},"f":{"0":4},"b":{}}
,"C:\\Users\\Swift America\\Documents\\projects\\github-monitor\\src\\server\\modules\\services\\commit.ts": {"path":"C:\\Users\\Swift America\\Documents\\projects\\github-monitor\\src\\server\\modules\\services\\commit.ts","statementMap":{"0":{"start":{"line":1,"column":0},"end":{"line":1,"column":46}},"1":{"start":{"line":4,"column":0},"end":{"line":4,"column":57}},"2":{"start":{"line":5,"column":0},"end":{"line":5,"column":44}},"3":{"start":{"line":6,"column":0},"end":{"line":6,"column":45}},"4":{"start":{"line":7,"column":0},"end":{"line":7,"column":43}},"5":{"start":{"line":36,"column":27},"end":{"line":71,"column":1}},"6":{"start":{"line":41,"column":2},"end":{"line":70,"column":3}},"7":{"start":{"line":42,"column":22},"end":{"line":42,"column":42}},"8":{"start":{"line":44,"column":32},"end":{"line":44,"column":34}},"9":{"start":{"line":48,"column":4},"end":{"line":57,"column":5}},"10":{"start":{"line":49,"column":25},"end":{"line":49,"column":53}},"11":{"start":{"line":50,"column":6},"end":{"line":52,"column":9}},"12":{"start":{"line":54,"column":6},"end":{"line":56,"column":9}},"13":{"start":{"line":59,"column":4},"end":{"line":59,"column":36}},"14":{"start":{"line":61,"column":4},"end":{"line":61,"column":80}},"15":{"start":{"line":63,"column":4},"end":{"line":63,"column":27}},"16":{"start":{"line":65,"column":4},"end":{"line":69,"column":6}},"17":{"start":{"line":36,"column":13},"end":{"line":36,"column":27}},"18":{"start":{"line":73,"column":26},"end":{"line":109,"column":1}},"19":{"start":{"line":80,"column":2},"end":{"line":108,"column":3}},"20":{"start":{"line":81,"column":4},"end":{"line":87,"column":7}},"21":{"start":{"line":89,"column":4},"end":{"line":99,"column":6}},"22":{"start":{"line":101,"column":4},"end":{"line":101,"column":27}},"23":{"start":{"line":103,"column":4},"end":{"line":107,"column":6}},"24":{"start":{"line":73,"column":13},"end":{"line":73,"column":26}},"25":{"start":{"line":111,"column":31},"end":{"line":193,"column":1}},"26":{"start":{"line":117,"column":2},"end":{"line":192,"column":3}},"27":{"start":{"line":118,"column":4},"end":{"line":124,"column":5}},"28":{"start":{"line":119,"column":6},"end":{"line":123,"column":8}},"29":{"start":{"line":126,"column":23},"end":{"line":126,"column":25}},"30":{"start":{"line":127,"column":32},"end":{"line":127,"column":34}},"31":{"start":{"line":128,"column":4},"end":{"line":177,"column":33}},"32":{"start":{"line":129,"column":38},"end":{"line":133,"column":8}},"33":{"start":{"line":135,"column":6},"end":{"line":141,"column":7}},"34":{"start":{"line":136,"column":8},"end":{"line":140,"column":10}},"35":{"start":{"line":143,"column":32},"end":{"line":145,"column":8}},"36":{"start":{"line":147,"column":6},"end":{"line":174,"column":7}},"37":{"start":{"line":148,"column":57},"end":{"line":148,"column":63}},"38":{"start":{"line":149,"column":36},"end":{"line":149,"column":49}},"39":{"start":{"line":150,"column":21},"end":{"line":150,"column":42}},"40":{"start":{"line":152,"column":27},"end":{"line":156,"column":10}},"41":{"start":{"line":158,"column":8},"end":{"line":166,"column":9}},"42":{"start":{"line":159,"column":10},"end":{"line":165,"column":13}},"43":{"start":{"line":167,"column":8},"end":{"line":173,"column":11}},"44":{"start":{"line":176,"column":6},"end":{"line":176,"column":13}},"45":{"start":{"line":179,"column":4},"end":{"line":183,"column":6}},"46":{"start":{"line":185,"column":4},"end":{"line":185,"column":27}},"47":{"start":{"line":187,"column":4},"end":{"line":191,"column":6}},"48":{"start":{"line":111,"column":13},"end":{"line":111,"column":31}},"49":{"start":{"line":195,"column":33},"end":{"line":224,"column":1}},"50":{"start":{"line":196,"column":2},"end":{"line":223,"column":3}},"51":{"start":{"line":197,"column":36},"end":{"line":197,"column":61}},"52":{"start":{"line":198,"column":4},"end":{"line":204,"column":5}},"53":{"start":{"line":199,"column":6},"end":{"line":203,"column":8}},"54":{"start":{"line":206,"column":16},"end":{"line":212,"column":6}},"55":{"start":{"line":214,"column":4},"end":{"line":214,"column":76}},"56":{"start":{"line":216,"column":4},"end":{"line":216,"column":27}},"57":{"start":{"line":218,"column":4},"end":{"line":222,"column":6}},"58":{"start":{"line":195,"column":13},"end":{"line":195,"column":33}},"59":{"start":{"line":226,"column":42},"end":{"line":262,"column":1}},"60":{"start":{"line":229,"column":2},"end":{"line":261,"column":3}},"61":{"start":{"line":230,"column":36},"end":{"line":230,"column":61}},"62":{"start":{"line":232,"column":4},"end":{"line":238,"column":5}},"63":{"start":{"line":233,"column":6},"end":{"line":237,"column":8}},"64":{"start":{"line":240,"column":20},"end":{"line":250,"column":6}},"65":{"start":{"line":252,"column":4},"end":{"line":252,"column":80}},"66":{"start":{"line":254,"column":4},"end":{"line":254,"column":27}},"67":{"start":{"line":256,"column":4},"end":{"line":260,"column":6}},"68":{"start":{"line":226,"column":13},"end":{"line":226,"column":42}}},"fnMap":{"0":{"name":"(anonymous_6)","decl":{"start":{"line":36,"column":27},"end":{"line":36,"column":32}},"loc":{"start":{"line":40,"column":32},"end":{"line":71,"column":1}}},"1":{"name":"(anonymous_7)","decl":{"start":{"line":73,"column":26},"end":{"line":73,"column":31}},"loc":{"start":{"line":79,"column":18},"end":{"line":109,"column":1}}},"2":{"name":"(anonymous_8)","decl":{"start":{"line":111,"column":31},"end":{"line":111,"column":36}},"loc":{"start":{"line":116,"column":14},"end":{"line":193,"column":1}}},"3":{"name":"(anonymous_9)","decl":{"start":{"line":195,"column":33},"end":{"line":195,"column":38}},"loc":{"start":{"line":195,"column":74},"end":{"line":224,"column":1}}},"4":{"name":"(anonymous_10)","decl":{"start":{"line":226,"column":42},"end":{"line":226,"column":47}},"loc":{"start":{"line":228,"column":22},"end":{"line":262,"column":1}}}},"branchMap":{"0":{"loc":{"start":{"line":48,"column":4},"end":{"line":57,"column":5}},"type":"if","locations":[{"start":{"line":48,"column":4},"end":{"line":57,"column":5}},{"start":{"line":53,"column":11},"end":{"line":57,"column":5}}]},"1":{"loc":{"start":{"line":118,"column":4},"end":{"line":124,"column":5}},"type":"if","locations":[{"start":{"line":118,"column":4},"end":{"line":124,"column":5}}]},"2":{"loc":{"start":{"line":135,"column":6},"end":{"line":141,"column":7}},"type":"if","locations":[{"start":{"line":135,"column":6},"end":{"line":141,"column":7}}]},"3":{"loc":{"start":{"line":158,"column":8},"end":{"line":166,"column":9}},"type":"if","locations":[{"start":{"line":158,"column":8},"end":{"line":166,"column":9}}]},"4":{"loc":{"start":{"line":198,"column":4},"end":{"line":204,"column":5}},"type":"if","locations":[{"start":{"line":198,"column":4},"end":{"line":204,"column":5}}]},"5":{"loc":{"start":{"line":232,"column":4},"end":{"line":238,"column":5}},"type":"if","locations":[{"start":{"line":232,"column":4},"end":{"line":238,"column":5}}]}},"s":{"0":1,"1":1,"2":1,"3":1,"4":1,"5":1,"6":1,"7":1,"8":1,"9":1,"10":0,"11":0,"12":1,"13":1,"14":1,"15":0,"16":0,"17":1,"18":1,"19":13,"20":13,"21":13,"22":0,"23":0,"24":1,"25":1,"26":1,"27":1,"28":0,"29":1,"30":1,"31":1,"32":1,"33":1,"34":0,"35":1,"36":1,"37":13,"38":13,"39":13,"40":13,"41":13,"42":13,"43":13,"44":1,"45":1,"46":0,"47":0,"48":1,"49":1,"50":0,"51":0,"52":0,"53":0,"54":0,"55":0,"56":0,"57":0,"58":1,"59":1,"60":0,"61":0,"62":0,"63":0,"64":0,"65":0,"66":0,"67":0,"68":1},"f":{"0":1,"1":13,"2":1,"3":0,"4":0},"b":{"0":[0,1],"1":[0],"2":[0],"3":[13],"4":[0],"5":[0]}}
,"C:\\Users\\Swift America\\Documents\\projects\\github-monitor\\src\\server\\modules\\services\\repository.ts": {"path":"C:\\Users\\Swift America\\Documents\\projects\\github-monitor\\src\\server\\modules\\services\\repository.ts","statementMap":{"0":{"start":{"line":1,"column":0},"end":{"line":1,"column":46}},"1":{"start":{"line":2,"column":0},"end":{"line":2,"column":38}},"2":{"start":{"line":4,"column":0},"end":{"line":4,"column":57}},"3":{"start":{"line":6,"column":0},"end":{"line":6,"column":44}},"4":{"start":{"line":15,"column":31},"end":{"line":41,"column":1}},"5":{"start":{"line":19,"column":2},"end":{"line":40,"column":3}},"6":{"start":{"line":20,"column":20},"end":{"line":20,"column":74}},"7":{"start":{"line":23,"column":25},"end":{"line":23,"column":49}},"8":{"start":{"line":24,"column":21},"end":{"line":24,"column":39}},"9":{"start":{"line":25,"column":4},"end":{"line":25,"column":31}},"10":{"start":{"line":27,"column":4},"end":{"line":31,"column":6}},"11":{"start":{"line":33,"column":4},"end":{"line":33,"column":27}},"12":{"start":{"line":35,"column":4},"end":{"line":39,"column":6}},"13":{"start":{"line":15,"column":13},"end":{"line":15,"column":31}},"14":{"start":{"line":43,"column":30},"end":{"line":80,"column":1}},"15":{"start":{"line":44,"column":2},"end":{"line":79,"column":3}},"16":{"start":{"line":45,"column":4},"end":{"line":57,"column":7}},"17":{"start":{"line":59,"column":21},"end":{"line":64,"column":6}},"18":{"start":{"line":66,"column":4},"end":{"line":70,"column":6}},"19":{"start":{"line":72,"column":4},"end":{"line":72,"column":27}},"20":{"start":{"line":74,"column":4},"end":{"line":78,"column":6}},"21":{"start":{"line":43,"column":13},"end":{"line":43,"column":30}},"22":{"start":{"line":82,"column":29},"end":{"line":111,"column":1}},"23":{"start":{"line":83,"column":2},"end":{"line":110,"column":3}},"24":{"start":{"line":84,"column":17},"end":{"line":91,"column":6}},"25":{"start":{"line":93,"column":4},"end":{"line":99,"column":5}},"26":{"start":{"line":94,"column":6},"end":{"line":98,"column":8}},"27":{"start":{"line":101,"column":4},"end":{"line":101,"column":71}},"28":{"start":{"line":103,"column":4},"end":{"line":103,"column":27}},"29":{"start":{"line":105,"column":4},"end":{"line":109,"column":6}},"30":{"start":{"line":82,"column":13},"end":{"line":82,"column":29}}},"fnMap":{"0":{"name":"(anonymous_6)","decl":{"start":{"line":15,"column":31},"end":{"line":15,"column":36}},"loc":{"start":{"line":18,"column":41},"end":{"line":41,"column":1}}},"1":{"name":"(anonymous_7)","decl":{"start":{"line":43,"column":30},"end":{"line":43,"column":35}},"loc":{"start":{"line":43,"column":76},"end":{"line":80,"column":1}}},"2":{"name":"(anonymous_8)","decl":{"start":{"line":82,"column":29},"end":{"line":82,"column":34}},"loc":{"start":{"line":82,"column":70},"end":{"line":111,"column":1}}}},"branchMap":{"0":{"loc":{"start":{"line":93,"column":4},"end":{"line":99,"column":5}},"type":"if","locations":[{"start":{"line":93,"column":4},"end":{"line":99,"column":5}}]}},"s":{"0":1,"1":1,"2":1,"3":1,"4":1,"5":1,"6":1,"7":1,"8":1,"9":1,"10":1,"11":0,"12":0,"13":1,"14":1,"15":1,"16":1,"17":1,"18":1,"19":0,"20":0,"21":1,"22":1,"23":0,"24":0,"25":0,"26":0,"27":0,"28":0,"29":0,"30":1},"f":{"0":1,"1":1,"2":0},"b":{"0":[0]}}
,"C:\\Users\\Swift America\\Documents\\projects\\github-monitor\\src\\server\\modules\\v1\\Repository\\repo.model.ts": {"path":"C:\\Users\\Swift America\\Documents\\projects\\github-monitor\\src\\server\\modules\\v1\\Repository\\repo.model.ts","statementMap":{"0":{"start":{"line":1,"column":0},"end":{"line":1,"column":45}},"1":{"start":{"line":2,"column":0},"end":{"line":2,"column":46}},"2":{"start":{"line":4,"column":0},"end":{"line":4,"column":13}},"3":{"start":{"line":18,"column":0},"end":{"line":41,"column":2}}},"fnMap":{},"branchMap":{},"s":{"0":1,"1":1,"2":1,"3":1},"f":{},"b":{}}
,"C:\\Users\\Swift America\\Documents\\projects\\github-monitor\\src\\server\\modules\\v1\\Repository\\repo.services.ts": {"path":"C:\\Users\\Swift America\\Documents\\projects\\github-monitor\\src\\server\\modules\\v1\\Repository\\repo.services.ts","statementMap":{"0":{"start":{"line":1,"column":0},"end":{"line":1,"column":39}},"1":{"start":{"line":2,"column":0},"end":{"line":2,"column":null}},"2":{"start":{"line":8,"column":0},"end":{"line":8,"column":56}},"3":{"start":{"line":10,"column":33},"end":{"line":69,"column":1}},"4":{"start":{"line":16,"column":2},"end":{"line":68,"column":3}},"5":{"start":{"line":17,"column":36},"end":{"line":17,"column":74}},"6":{"start":{"line":19,"column":4},"end":{"line":25,"column":5}},"7":{"start":{"line":20,"column":6},"end":{"line":24,"column":8}},"8":{"start":{"line":27,"column":18},"end":{"line":27,"column":63}},"9":{"start":{"line":29,"column":4},"end":{"line":35,"column":5}},"10":{"start":{"line":30,"column":6},"end":{"line":34,"column":8}},"11":{"start":{"line":37,"column":22},"end":{"line":42,"column":6}},"12":{"start":{"line":44,"column":4},"end":{"line":50,"column":5}},"13":{"start":{"line":45,"column":6},"end":{"line":49,"column":8}},"14":{"start":{"line":52,"column":23},"end":{"line":52,"column":33}},"15":{"start":{"line":53,"column":4},"end":{"line":53,"column":40}},"16":{"start":{"line":55,"column":4},"end":{"line":59,"column":6}},"17":{"start":{"line":61,"column":4},"end":{"line":61,"column":27}},"18":{"start":{"line":63,"column":4},"end":{"line":67,"column":6}},"19":{"start":{"line":10,"column":13},"end":{"line":10,"column":33}},"20":{"start":{"line":71,"column":29},"end":{"line":97,"column":1}},"21":{"start":{"line":72,"column":2},"end":{"line":96,"column":3}},"22":{"start":{"line":73,"column":36},"end":{"line":73,"column":61}},"23":{"start":{"line":75,"column":4},"end":{"line":81,"column":5}},"24":{"start":{"line":76,"column":6},"end":{"line":80,"column":8}},"25":{"start":{"line":83,"column":4},"end":{"line":87,"column":6}},"26":{"start":{"line":89,"column":4},"end":{"line":89,"column":27}},"27":{"start":{"line":91,"column":4},"end":{"line":95,"column":6}},"28":{"start":{"line":71,"column":13},"end":{"line":71,"column":29}}},"fnMap":{"0":{"name":"(anonymous_0)","decl":{"start":{"line":10,"column":33},"end":{"line":10,"column":38}},"loc":{"start":{"line":15,"column":23},"end":{"line":69,"column":1}}},"1":{"name":"(anonymous_1)","decl":{"start":{"line":71,"column":29},"end":{"line":71,"column":34}},"loc":{"start":{"line":71,"column":52},"end":{"line":97,"column":1}}}},"branchMap":{"0":{"loc":{"start":{"line":12,"column":2},"end":{"line":12,"column":10}},"type":"default-arg","locations":[{"start":{"line":12,"column":9},"end":{"line":12,"column":10}}]},"1":{"loc":{"start":{"line":19,"column":4},"end":{"line":25,"column":5}},"type":"if","locations":[{"start":{"line":19,"column":4},"end":{"line":25,"column":5}}]},"2":{"loc":{"start":{"line":29,"column":4},"end":{"line":35,"column":5}},"type":"if","locations":[{"start":{"line":29,"column":4},"end":{"line":35,"column":5}}]},"3":{"loc":{"start":{"line":44,"column":4},"end":{"line":50,"column":5}},"type":"if","locations":[{"start":{"line":44,"column":4},"end":{"line":50,"column":5}}]},"4":{"loc":{"start":{"line":75,"column":4},"end":{"line":81,"column":5}},"type":"if","locations":[{"start":{"line":75,"column":4},"end":{"line":81,"column":5}}]}},"s":{"0":1,"1":1,"2":1,"3":1,"4":1,"5":1,"6":1,"7":0,"8":1,"9":1,"10":0,"11":1,"12":1,"13":0,"14":1,"15":1,"16":1,"17":0,"18":0,"19":1,"20":1,"21":0,"22":0,"23":0,"24":0,"25":0,"26":0,"27":0,"28":1},"f":{"0":1,"1":0},"b":{"0":[0],"1":[0],"2":[0],"3":[0],"4":[0]}}
,"C:\\Users\\Swift America\\Documents\\projects\\github-monitor\\src\\server\\modules\\v1\\commit\\model.ts": {"path":"C:\\Users\\Swift America\\Documents\\projects\\github-monitor\\src\\server\\modules\\v1\\commit\\model.ts","statementMap":{"0":{"start":{"line":1,"column":0},"end":{"line":1,"column":45}},"1":{"start":{"line":2,"column":0},"end":{"line":2,"column":46}},"2":{"start":{"line":3,"column":0},"end":{"line":3,"column":54}},"3":{"start":{"line":5,"column":0},"end":{"line":5,"column":13}},"4":{"start":{"line":14,"column":0},"end":{"line":44,"column":2}},"5":{"start":{"line":46,"column":0},"end":{"line":46,"column":59}},"6":{"start":{"line":47,"column":0},"end":{"line":47,"column":61}}},"fnMap":{},"branchMap":{},"s":{"0":1,"1":1,"2":1,"3":1,"4":1,"5":1,"6":1},"f":{},"b":{}}
}
