{"C:\\Users\\Swift America\\Documents\\projects\\github-monitor\\src\\server\\config.ts": {"path":"C:\\Users\\Swift America\\Documents\\projects\\github-monitor\\src\\server\\config.ts","statementMap":{"0":{"start":{"line":1,"column":0},"end":{"line":1,"column":23}},"1":{"start":{"line":3,"column":13},"end":{"line":15,"column":2}}},"fnMap":{},"branchMap":{},"s":{"0":1,"1":1},"f":{},"b":{}}
,"C:\\Users\\Swift America\\Documents\\projects\\github-monitor\\src\\server\\database\\database.config.ts": {"path":"C:\\Users\\Swift America\\Documents\\projects\\github-monitor\\src\\server\\database\\database.config.ts","statementMap":{"0":{"start":{"line":2,"column":0},"end":{"line":2,"column":35}},"1":{"start":{"line":4,"column":13},"end":{"line":31,"column":2}}},"fnMap":{},"branchMap":{},"s":{"0":1,"1":1},"f":{},"b":{}}
,"C:\\Users\\Swift America\\Documents\\projects\\github-monitor\\src\\server\\database\\database.connection.ts": {"path":"C:\\Users\\Swift America\\Documents\\projects\\github-monitor\\src\\server\\database\\database.connection.ts","statementMap":{"0":{"start":{"line":1,"column":0},"end":{"line":1,"column":38}},"1":{"start":{"line":2,"column":0},"end":{"line":2,"column":51}},"2":{"start":{"line":3,"column":0},"end":{"line":3,"column":35}},"3":{"start":{"line":5,"column":21},"end":{"line":33,"column":1}},"4":{"start":{"line":6,"column":2},"end":{"line":32,"column":3}},"5":{"start":{"line":9,"column":4},"end":{"line":9,"column":43}},"6":{"start":{"line":11,"column":4},"end":{"line":20,"column":5}},"7":{"start":{"line":13,"column":8},"end":{"line":13,"column":48}},"8":{"start":{"line":14,"column":8},"end":{"line":14,"column":14}},"9":{"start":{"line":16,"column":8},"end":{"line":16,"column":47}},"10":{"start":{"line":17,"column":8},"end":{"line":17,"column":14}},"11":{"start":{"line":19,"column":8},"end":{"line":19,"column":48}},"12":{"start":{"line":23,"column":22},"end":{"line":23,"column":68}},"13":{"start":{"line":24,"column":4},"end":{"line":24,"column":21}},"14":{"start":{"line":26,"column":4},"end":{"line":26,"column":23}},"15":{"start":{"line":27,"column":4},"end":{"line":30,"column":7}},"16":{"start":{"line":31,"column":4},"end":{"line":31,"column":20}},"17":{"start":{"line":35,"column":13},"end":{"line":35,"column":40}}},"fnMap":{"0":{"name":"(anonymous_0)","decl":{"start":{"line":5,"column":21},"end":{"line":5,"column":24}},"loc":{"start":{"line":5,"column":26},"end":{"line":33,"column":1}}}},"branchMap":{"0":{"loc":{"start":{"line":11,"column":4},"end":{"line":20,"column":5}},"type":"switch","locations":[{"start":{"line":12,"column":6},"end":{"line":14,"column":14}},{"start":{"line":15,"column":6},"end":{"line":17,"column":14}},{"start":{"line":18,"column":6},"end":{"line":19,"column":48}}]}},"s":{"0":1,"1":1,"2":1,"3":1,"4":1,"5":1,"6":1,"7":0,"8":0,"9":0,"10":0,"11":1,"12":1,"13":1,"14":0,"15":0,"16":0,"17":1},"f":{"0":1},"b":{"0":[0,0,1]}}
,"C:\\Users\\Swift America\\Documents\\projects\\github-monitor\\src\\server\\database\\index.ts": {"path":"C:\\Users\\Swift America\\Documents\\projects\\github-monitor\\src\\server\\database\\index.ts","statementMap":{"0":{"start":{"line":1,"column":0},"end":{"line":1,"column":9}},"1":{"start":{"line":3,"column":9},"end":{"line":1,"column":50}},"2":{"start":{"line":5,"column":31},"end":{"line":13,"column":1}},"3":{"start":{"line":6,"column":2},"end":{"line":12,"column":3}},"4":{"start":{"line":7,"column":4},"end":{"line":7,"column":35}},"5":{"start":{"line":8,"column":4},"end":{"line":8,"column":42}},"6":{"start":{"line":9,"column":4},"end":{"line":9,"column":62}},"7":{"start":{"line":11,"column":4},"end":{"line":11,"column":63}},"8":{"start":{"line":5,"column":13},"end":{"line":5,"column":31}}},"fnMap":{"0":{"name":"(anonymous_0)","decl":{"start":{"line":3,"column":9},"end":{"line":3,"column":18}},"loc":{"start":{"line":3,"column":9},"end":{"line":1,"column":50}}},"1":{"name":"(anonymous_1)","decl":{"start":{"line":5,"column":31},"end":{"line":5,"column":36}},"loc":{"start":{"line":5,"column":42},"end":{"line":13,"column":1}}}},"branchMap":{},"s":{"0":1,"1":3,"2":1,"3":1,"4":1,"5":1,"6":1,"7":0,"8":1},"f":{"0":2,"1":1},"b":{}}
,"C:\\Users\\Swift America\\Documents\\projects\\github-monitor\\src\\server\\modules\\services\\commit.ts": {"path":"C:\\Users\\Swift America\\Documents\\projects\\github-monitor\\src\\server\\modules\\services\\commit.ts","statementMap":{"0":{"start":{"line":1,"column":0},"end":{"line":1,"column":46}},"1":{"start":{"line":4,"column":0},"end":{"line":4,"column":57}},"2":{"start":{"line":5,"column":0},"end":{"line":5,"column":44}},"3":{"start":{"line":6,"column":0},"end":{"line":6,"column":45}},"4":{"start":{"line":7,"column":0},"end":{"line":7,"column":43}},"5":{"start":{"line":37,"column":27},"end":{"line":72,"column":1}},"6":{"start":{"line":42,"column":2},"end":{"line":71,"column":3}},"7":{"start":{"line":43,"column":22},"end":{"line":43,"column":42}},"8":{"start":{"line":45,"column":32},"end":{"line":45,"column":34}},"9":{"start":{"line":49,"column":4},"end":{"line":58,"column":5}},"10":{"start":{"line":50,"column":25},"end":{"line":50,"column":53}},"11":{"start":{"line":51,"column":6},"end":{"line":53,"column":9}},"12":{"start":{"line":55,"column":6},"end":{"line":57,"column":9}},"13":{"start":{"line":60,"column":4},"end":{"line":60,"column":36}},"14":{"start":{"line":62,"column":4},"end":{"line":62,"column":80}},"15":{"start":{"line":64,"column":4},"end":{"line":64,"column":27}},"16":{"start":{"line":66,"column":4},"end":{"line":70,"column":6}},"17":{"start":{"line":37,"column":13},"end":{"line":37,"column":27}},"18":{"start":{"line":74,"column":26},"end":{"line":112,"column":1}},"19":{"start":{"line":82,"column":2},"end":{"line":111,"column":3}},"20":{"start":{"line":83,"column":4},"end":{"line":90,"column":7}},"21":{"start":{"line":92,"column":4},"end":{"line":102,"column":6}},"22":{"start":{"line":104,"column":4},"end":{"line":104,"column":27}},"23":{"start":{"line":106,"column":4},"end":{"line":110,"column":6}},"24":{"start":{"line":74,"column":13},"end":{"line":74,"column":26}},"25":{"start":{"line":114,"column":31},"end":{"line":197,"column":1}},"26":{"start":{"line":120,"column":2},"end":{"line":196,"column":3}},"27":{"start":{"line":121,"column":4},"end":{"line":127,"column":5}},"28":{"start":{"line":122,"column":6},"end":{"line":126,"column":8}},"29":{"start":{"line":129,"column":23},"end":{"line":129,"column":25}},"30":{"start":{"line":130,"column":32},"end":{"line":130,"column":34}},"31":{"start":{"line":131,"column":4},"end":{"line":181,"column":33}},"32":{"start":{"line":132,"column":38},"end":{"line":136,"column":8}},"33":{"start":{"line":138,"column":6},"end":{"line":144,"column":7}},"34":{"start":{"line":139,"column":8},"end":{"line":143,"column":10}},"35":{"start":{"line":146,"column":32},"end":{"line":148,"column":8}},"36":{"start":{"line":150,"column":6},"end":{"line":178,"column":7}},"37":{"start":{"line":151,"column":57},"end":{"line":151,"column":63}},"38":{"start":{"line":152,"column":36},"end":{"line":152,"column":49}},"39":{"start":{"line":153,"column":21},"end":{"line":153,"column":42}},"40":{"start":{"line":155,"column":27},"end":{"line":159,"column":10}},"41":{"start":{"line":161,"column":8},"end":{"line":170,"column":9}},"42":{"start":{"line":162,"column":10},"end":{"line":169,"column":13}},"43":{"start":{"line":171,"column":8},"end":{"line":177,"column":11}},"44":{"start":{"line":180,"column":6},"end":{"line":180,"column":13}},"45":{"start":{"line":183,"column":4},"end":{"line":187,"column":6}},"46":{"start":{"line":189,"column":4},"end":{"line":189,"column":27}},"47":{"start":{"line":191,"column":4},"end":{"line":195,"column":6}},"48":{"start":{"line":114,"column":13},"end":{"line":114,"column":31}},"49":{"start":{"line":199,"column":33},"end":{"line":228,"column":1}},"50":{"start":{"line":200,"column":2},"end":{"line":227,"column":3}},"51":{"start":{"line":201,"column":36},"end":{"line":201,"column":61}},"52":{"start":{"line":202,"column":4},"end":{"line":208,"column":5}},"53":{"start":{"line":203,"column":6},"end":{"line":207,"column":8}},"54":{"start":{"line":210,"column":16},"end":{"line":216,"column":6}},"55":{"start":{"line":218,"column":4},"end":{"line":218,"column":76}},"56":{"start":{"line":220,"column":4},"end":{"line":220,"column":27}},"57":{"start":{"line":222,"column":4},"end":{"line":226,"column":6}},"58":{"start":{"line":199,"column":13},"end":{"line":199,"column":33}},"59":{"start":{"line":230,"column":42},"end":{"line":266,"column":1}},"60":{"start":{"line":233,"column":2},"end":{"line":265,"column":3}},"61":{"start":{"line":234,"column":36},"end":{"line":234,"column":61}},"62":{"start":{"line":236,"column":4},"end":{"line":242,"column":5}},"63":{"start":{"line":237,"column":6},"end":{"line":241,"column":8}},"64":{"start":{"line":244,"column":20},"end":{"line":254,"column":6}},"65":{"start":{"line":256,"column":4},"end":{"line":256,"column":80}},"66":{"start":{"line":258,"column":4},"end":{"line":258,"column":27}},"67":{"start":{"line":260,"column":4},"end":{"line":264,"column":6}},"68":{"start":{"line":230,"column":13},"end":{"line":230,"column":42}},"69":{"start":{"line":268,"column":41},"end":{"line":290,"column":1}},"70":{"start":{"line":269,"column":2},"end":{"line":289,"column":3}},"71":{"start":{"line":270,"column":20},"end":{"line":278,"column":6}},"72":{"start":{"line":280,"column":4},"end":{"line":280,"column":80}},"73":{"start":{"line":282,"column":4},"end":{"line":282,"column":27}},"74":{"start":{"line":284,"column":4},"end":{"line":288,"column":6}},"75":{"start":{"line":268,"column":13},"end":{"line":268,"column":41}}},"fnMap":{"0":{"name":"(anonymous_6)","decl":{"start":{"line":37,"column":27},"end":{"line":37,"column":32}},"loc":{"start":{"line":41,"column":32},"end":{"line":72,"column":1}}},"1":{"name":"(anonymous_7)","decl":{"start":{"line":74,"column":26},"end":{"line":74,"column":31}},"loc":{"start":{"line":81,"column":18},"end":{"line":112,"column":1}}},"2":{"name":"(anonymous_8)","decl":{"start":{"line":114,"column":31},"end":{"line":114,"column":36}},"loc":{"start":{"line":119,"column":14},"end":{"line":197,"column":1}}},"3":{"name":"(anonymous_9)","decl":{"start":{"line":199,"column":33},"end":{"line":199,"column":38}},"loc":{"start":{"line":199,"column":74},"end":{"line":228,"column":1}}},"4":{"name":"(anonymous_10)","decl":{"start":{"line":230,"column":42},"end":{"line":230,"column":47}},"loc":{"start":{"line":232,"column":22},"end":{"line":266,"column":1}}},"5":{"name":"(anonymous_11)","decl":{"start":{"line":268,"column":41},"end":{"line":268,"column":46}},"loc":{"start":{"line":268,"column":70},"end":{"line":290,"column":1}}}},"branchMap":{"0":{"loc":{"start":{"line":49,"column":4},"end":{"line":58,"column":5}},"type":"if","locations":[{"start":{"line":49,"column":4},"end":{"line":58,"column":5}},{"start":{"line":54,"column":11},"end":{"line":58,"column":5}}]},"1":{"loc":{"start":{"line":121,"column":4},"end":{"line":127,"column":5}},"type":"if","locations":[{"start":{"line":121,"column":4},"end":{"line":127,"column":5}}]},"2":{"loc":{"start":{"line":138,"column":6},"end":{"line":144,"column":7}},"type":"if","locations":[{"start":{"line":138,"column":6},"end":{"line":144,"column":7}}]},"3":{"loc":{"start":{"line":161,"column":8},"end":{"line":170,"column":9}},"type":"if","locations":[{"start":{"line":161,"column":8},"end":{"line":170,"column":9}}]},"4":{"loc":{"start":{"line":202,"column":4},"end":{"line":208,"column":5}},"type":"if","locations":[{"start":{"line":202,"column":4},"end":{"line":208,"column":5}}]},"5":{"loc":{"start":{"line":236,"column":4},"end":{"line":242,"column":5}},"type":"if","locations":[{"start":{"line":236,"column":4},"end":{"line":242,"column":5}}]}},"s":{"0":1,"1":1,"2":1,"3":1,"4":1,"5":1,"6":1,"7":1,"8":1,"9":1,"10":0,"11":0,"12":1,"13":1,"14":1,"15":0,"16":0,"17":1,"18":1,"19":13,"20":13,"21":13,"22":0,"23":0,"24":1,"25":1,"26":1,"27":1,"28":0,"29":1,"30":1,"31":1,"32":1,"33":1,"34":0,"35":1,"36":1,"37":13,"38":13,"39":13,"40":13,"41":13,"42":13,"43":13,"44":1,"45":1,"46":0,"47":0,"48":1,"49":1,"50":0,"51":0,"52":0,"53":0,"54":0,"55":0,"56":0,"57":0,"58":1,"59":1,"60":0,"61":0,"62":0,"63":0,"64":0,"65":0,"66":0,"67":0,"68":1,"69":1,"70":0,"71":0,"72":0,"73":0,"74":0,"75":1},"f":{"0":1,"1":13,"2":1,"3":0,"4":0,"5":0},"b":{"0":[0,1],"1":[0],"2":[0],"3":[13],"4":[0],"5":[0]}}
,"C:\\Users\\Swift America\\Documents\\projects\\github-monitor\\src\\server\\modules\\services\\repository.ts": {"path":"C:\\Users\\Swift America\\Documents\\projects\\github-monitor\\src\\server\\modules\\services\\repository.ts","statementMap":{"0":{"start":{"line":1,"column":0},"end":{"line":1,"column":46}},"1":{"start":{"line":2,"column":0},"end":{"line":2,"column":38}},"2":{"start":{"line":4,"column":0},"end":{"line":4,"column":57}},"3":{"start":{"line":6,"column":0},"end":{"line":6,"column":44}},"4":{"start":{"line":15,"column":31},"end":{"line":41,"column":1}},"5":{"start":{"line":19,"column":2},"end":{"line":40,"column":3}},"6":{"start":{"line":20,"column":20},"end":{"line":20,"column":74}},"7":{"start":{"line":23,"column":25},"end":{"line":23,"column":49}},"8":{"start":{"line":24,"column":21},"end":{"line":24,"column":39}},"9":{"start":{"line":25,"column":4},"end":{"line":25,"column":31}},"10":{"start":{"line":27,"column":4},"end":{"line":31,"column":6}},"11":{"start":{"line":33,"column":4},"end":{"line":33,"column":27}},"12":{"start":{"line":35,"column":4},"end":{"line":39,"column":6}},"13":{"start":{"line":15,"column":13},"end":{"line":15,"column":31}},"14":{"start":{"line":43,"column":30},"end":{"line":80,"column":1}},"15":{"start":{"line":44,"column":2},"end":{"line":79,"column":3}},"16":{"start":{"line":45,"column":4},"end":{"line":57,"column":7}},"17":{"start":{"line":59,"column":21},"end":{"line":64,"column":6}},"18":{"start":{"line":66,"column":4},"end":{"line":70,"column":6}},"19":{"start":{"line":72,"column":4},"end":{"line":72,"column":27}},"20":{"start":{"line":74,"column":4},"end":{"line":78,"column":6}},"21":{"start":{"line":43,"column":13},"end":{"line":43,"column":30}},"22":{"start":{"line":82,"column":29},"end":{"line":111,"column":1}},"23":{"start":{"line":83,"column":2},"end":{"line":110,"column":3}},"24":{"start":{"line":84,"column":17},"end":{"line":91,"column":6}},"25":{"start":{"line":93,"column":4},"end":{"line":99,"column":5}},"26":{"start":{"line":94,"column":6},"end":{"line":98,"column":8}},"27":{"start":{"line":101,"column":4},"end":{"line":101,"column":71}},"28":{"start":{"line":103,"column":4},"end":{"line":103,"column":27}},"29":{"start":{"line":105,"column":4},"end":{"line":109,"column":6}},"30":{"start":{"line":82,"column":13},"end":{"line":82,"column":29}}},"fnMap":{"0":{"name":"(anonymous_6)","decl":{"start":{"line":15,"column":31},"end":{"line":15,"column":36}},"loc":{"start":{"line":18,"column":41},"end":{"line":41,"column":1}}},"1":{"name":"(anonymous_7)","decl":{"start":{"line":43,"column":30},"end":{"line":43,"column":35}},"loc":{"start":{"line":43,"column":76},"end":{"line":80,"column":1}}},"2":{"name":"(anonymous_8)","decl":{"start":{"line":82,"column":29},"end":{"line":82,"column":34}},"loc":{"start":{"line":82,"column":70},"end":{"line":111,"column":1}}}},"branchMap":{"0":{"loc":{"start":{"line":93,"column":4},"end":{"line":99,"column":5}},"type":"if","locations":[{"start":{"line":93,"column":4},"end":{"line":99,"column":5}}]}},"s":{"0":1,"1":1,"2":1,"3":1,"4":1,"5":1,"6":1,"7":1,"8":1,"9":1,"10":1,"11":0,"12":0,"13":1,"14":1,"15":1,"16":1,"17":1,"18":1,"19":0,"20":0,"21":1,"22":1,"23":0,"24":0,"25":0,"26":0,"27":0,"28":0,"29":0,"30":1},"f":{"0":1,"1":1,"2":0},"b":{"0":[0]}}
,"C:\\Users\\Swift America\\Documents\\projects\\github-monitor\\src\\server\\modules\\v1\\Repository\\repo.model.ts": {"path":"C:\\Users\\Swift America\\Documents\\projects\\github-monitor\\src\\server\\modules\\v1\\Repository\\repo.model.ts","statementMap":{"0":{"start":{"line":1,"column":0},"end":{"line":1,"column":45}},"1":{"start":{"line":2,"column":0},"end":{"line":2,"column":46}},"2":{"start":{"line":4,"column":0},"end":{"line":4,"column":13}},"3":{"start":{"line":18,"column":0},"end":{"line":41,"column":2}}},"fnMap":{},"branchMap":{},"s":{"0":1,"1":1,"2":1,"3":1},"f":{},"b":{}}
,"C:\\Users\\Swift America\\Documents\\projects\\github-monitor\\src\\server\\modules\\v1\\Repository\\repo.services.ts": {"path":"C:\\Users\\Swift America\\Documents\\projects\\github-monitor\\src\\server\\modules\\v1\\Repository\\repo.services.ts","statementMap":{"0":{"start":{"line":1,"column":0},"end":{"line":1,"column":39}},"1":{"start":{"line":2,"column":0},"end":{"line":2,"column":null}},"2":{"start":{"line":8,"column":0},"end":{"line":8,"column":56}},"3":{"start":{"line":10,"column":33},"end":{"line":69,"column":1}},"4":{"start":{"line":16,"column":2},"end":{"line":68,"column":3}},"5":{"start":{"line":17,"column":36},"end":{"line":17,"column":74}},"6":{"start":{"line":19,"column":4},"end":{"line":25,"column":5}},"7":{"start":{"line":20,"column":6},"end":{"line":24,"column":8}},"8":{"start":{"line":27,"column":18},"end":{"line":27,"column":63}},"9":{"start":{"line":29,"column":4},"end":{"line":35,"column":5}},"10":{"start":{"line":30,"column":6},"end":{"line":34,"column":8}},"11":{"start":{"line":37,"column":22},"end":{"line":42,"column":6}},"12":{"start":{"line":44,"column":4},"end":{"line":50,"column":5}},"13":{"start":{"line":45,"column":6},"end":{"line":49,"column":8}},"14":{"start":{"line":52,"column":23},"end":{"line":52,"column":33}},"15":{"start":{"line":53,"column":4},"end":{"line":53,"column":40}},"16":{"start":{"line":55,"column":4},"end":{"line":59,"column":6}},"17":{"start":{"line":61,"column":4},"end":{"line":61,"column":27}},"18":{"start":{"line":63,"column":4},"end":{"line":67,"column":6}},"19":{"start":{"line":10,"column":13},"end":{"line":10,"column":33}},"20":{"start":{"line":71,"column":29},"end":{"line":97,"column":1}},"21":{"start":{"line":72,"column":2},"end":{"line":96,"column":3}},"22":{"start":{"line":73,"column":36},"end":{"line":73,"column":61}},"23":{"start":{"line":75,"column":4},"end":{"line":81,"column":5}},"24":{"start":{"line":76,"column":6},"end":{"line":80,"column":8}},"25":{"start":{"line":83,"column":4},"end":{"line":87,"column":6}},"26":{"start":{"line":89,"column":4},"end":{"line":89,"column":27}},"27":{"start":{"line":91,"column":4},"end":{"line":95,"column":6}},"28":{"start":{"line":71,"column":13},"end":{"line":71,"column":29}}},"fnMap":{"0":{"name":"(anonymous_0)","decl":{"start":{"line":10,"column":33},"end":{"line":10,"column":38}},"loc":{"start":{"line":15,"column":23},"end":{"line":69,"column":1}}},"1":{"name":"(anonymous_1)","decl":{"start":{"line":71,"column":29},"end":{"line":71,"column":34}},"loc":{"start":{"line":71,"column":52},"end":{"line":97,"column":1}}}},"branchMap":{"0":{"loc":{"start":{"line":12,"column":2},"end":{"line":12,"column":10}},"type":"default-arg","locations":[{"start":{"line":12,"column":9},"end":{"line":12,"column":10}}]},"1":{"loc":{"start":{"line":19,"column":4},"end":{"line":25,"column":5}},"type":"if","locations":[{"start":{"line":19,"column":4},"end":{"line":25,"column":5}}]},"2":{"loc":{"start":{"line":29,"column":4},"end":{"line":35,"column":5}},"type":"if","locations":[{"start":{"line":29,"column":4},"end":{"line":35,"column":5}}]},"3":{"loc":{"start":{"line":44,"column":4},"end":{"line":50,"column":5}},"type":"if","locations":[{"start":{"line":44,"column":4},"end":{"line":50,"column":5}}]},"4":{"loc":{"start":{"line":75,"column":4},"end":{"line":81,"column":5}},"type":"if","locations":[{"start":{"line":75,"column":4},"end":{"line":81,"column":5}}]}},"s":{"0":1,"1":1,"2":1,"3":1,"4":1,"5":1,"6":1,"7":0,"8":1,"9":1,"10":0,"11":1,"12":1,"13":0,"14":1,"15":1,"16":1,"17":0,"18":0,"19":1,"20":1,"21":0,"22":0,"23":0,"24":0,"25":0,"26":0,"27":0,"28":1},"f":{"0":1,"1":0},"b":{"0":[0],"1":[0],"2":[0],"3":[0],"4":[0]}}
,"C:\\Users\\Swift America\\Documents\\projects\\github-monitor\\src\\server\\modules\\v1\\commit\\model.ts": {"path":"C:\\Users\\Swift America\\Documents\\projects\\github-monitor\\src\\server\\modules\\v1\\commit\\model.ts","statementMap":{"0":{"start":{"line":1,"column":0},"end":{"line":1,"column":45}},"1":{"start":{"line":2,"column":0},"end":{"line":2,"column":46}},"2":{"start":{"line":3,"column":0},"end":{"line":3,"column":54}},"3":{"start":{"line":5,"column":0},"end":{"line":5,"column":13}},"4":{"start":{"line":15,"column":0},"end":{"line":49,"column":2}},"5":{"start":{"line":51,"column":0},"end":{"line":51,"column":59}},"6":{"start":{"line":52,"column":0},"end":{"line":52,"column":61}}},"fnMap":{},"branchMap":{},"s":{"0":1,"1":1,"2":1,"3":1,"4":1,"5":1,"6":1},"f":{},"b":{}}
}
