TN:
SF:src\server\config.ts
FNF:0
FNH:0
DA:1,1
DA:3,1
LF:2
LH:2
BRF:0
BRH:0
end_of_record
TN:
SF:src\server\database\database.config.ts
FNF:0
FNH:0
DA:2,1
DA:4,1
LF:2
LH:2
BRF:0
BRH:0
end_of_record
TN:
SF:src\server\database\database.connection.ts
FN:5,(anonymous_0)
FNF:1
FNH:1
FNDA:1,(anonymous_0)
DA:1,1
DA:2,1
DA:3,1
DA:5,1
DA:6,1
DA:9,1
DA:11,1
DA:13,0
DA:14,0
DA:16,0
DA:17,0
DA:19,1
DA:23,1
DA:24,1
DA:26,0
DA:27,0
DA:31,0
DA:35,1
LF:18
LH:11
BRDA:11,0,0,0
BRDA:11,0,1,0
BRDA:11,0,2,1
BRF:3
BRH:1
end_of_record
TN:
SF:src\server\database\index.ts
FN:3,(anonymous_0)
FNF:1
FNH:1
FNDA:4,(anonymous_0)
DA:1,1
DA:3,5
LF:2
LH:2
BRF:0
BRH:0
end_of_record
TN:
SF:src\server\modules\services\commit.ts
FN:36,(anonymous_6)
FN:73,(anonymous_7)
FN:111,(anonymous_8)
FN:195,(anonymous_9)
FN:226,(anonymous_10)
FNF:5
FNH:3
FNDA:1,(anonymous_6)
FNDA:13,(anonymous_7)
FNDA:1,(anonymous_8)
FNDA:0,(anonymous_9)
FNDA:0,(anonymous_10)
DA:1,1
DA:4,1
DA:5,1
DA:6,1
DA:7,1
DA:36,1
DA:41,1
DA:42,1
DA:44,1
DA:48,1
DA:49,0
DA:50,0
DA:54,1
DA:59,1
DA:61,1
DA:63,0
DA:65,0
DA:73,1
DA:80,13
DA:81,13
DA:89,13
DA:101,0
DA:103,0
DA:111,1
DA:117,1
DA:118,1
DA:119,0
DA:126,1
DA:127,1
DA:128,1
DA:129,1
DA:135,1
DA:136,0
DA:143,1
DA:147,1
DA:148,13
DA:149,13
DA:150,13
DA:152,13
DA:158,13
DA:159,13
DA:167,13
DA:176,1
DA:179,1
DA:185,0
DA:187,0
DA:195,1
DA:196,0
DA:197,0
DA:198,0
DA:199,0
DA:206,0
DA:214,0
DA:216,0
DA:218,0
DA:226,1
DA:229,0
DA:230,0
DA:232,0
DA:233,0
DA:240,0
DA:252,0
DA:254,0
DA:256,0
LF:64
LH:38
BRDA:48,0,0,0
BRDA:48,0,1,1
BRDA:118,1,0,0
BRDA:135,2,0,0
BRDA:158,3,0,13
BRDA:198,4,0,0
BRDA:232,5,0,0
BRF:7
BRH:2
end_of_record
TN:
SF:src\server\modules\services\repository.ts
FN:15,(anonymous_6)
FN:43,(anonymous_7)
FN:82,(anonymous_8)
FNF:3
FNH:2
FNDA:1,(anonymous_6)
FNDA:1,(anonymous_7)
FNDA:0,(anonymous_8)
DA:1,1
DA:2,1
DA:4,1
DA:6,1
DA:15,1
DA:19,1
DA:20,1
DA:23,1
DA:24,1
DA:25,1
DA:27,1
DA:33,0
DA:35,0
DA:43,1
DA:44,1
DA:45,1
DA:59,1
DA:66,1
DA:72,0
DA:74,0
DA:82,1
DA:83,0
DA:84,0
DA:93,0
DA:94,0
DA:101,0
DA:103,0
DA:105,0
LF:28
LH:17
BRDA:93,0,0,0
BRF:1
BRH:0
end_of_record
TN:
SF:src\server\modules\v1\Repository\repo.model.ts
FNF:0
FNH:0
DA:1,1
DA:2,1
DA:4,1
DA:18,1
LF:4
LH:4
BRF:0
BRH:0
end_of_record
TN:
SF:src\server\modules\v1\Repository\repo.services.ts
FN:10,(anonymous_0)
FN:71,(anonymous_1)
FNF:2
FNH:1
FNDA:1,(anonymous_0)
FNDA:0,(anonymous_1)
DA:1,1
DA:2,1
DA:8,1
DA:10,1
DA:16,1
DA:17,1
DA:19,1
DA:20,0
DA:27,1
DA:29,1
DA:30,0
DA:37,1
DA:44,1
DA:45,0
DA:52,1
DA:53,1
DA:55,1
DA:61,0
DA:63,0
DA:71,1
DA:72,0
DA:73,0
DA:75,0
DA:76,0
DA:83,0
DA:89,0
DA:91,0
LF:27
LH:15
BRDA:12,0,0,0
BRDA:19,1,0,0
BRDA:29,2,0,0
BRDA:44,3,0,0
BRDA:75,4,0,0
BRF:5
BRH:0
end_of_record
TN:
SF:src\server\modules\v1\commit\model.ts
FNF:0
FNH:0
DA:1,1
DA:2,1
DA:3,1
DA:5,1
DA:14,1
DA:46,1
DA:47,1
LF:7
LH:7
BRF:0
BRH:0
end_of_record
