TN:
SF:src\server\config.ts
FNF:0
FNH:0
DA:1,1
DA:3,1
LF:2
LH:2
BRF:0
BRH:0
end_of_record
TN:
SF:src\server\database\database.config.ts
FNF:0
FNH:0
DA:2,1
DA:4,1
LF:2
LH:2
BRF:0
BRH:0
end_of_record
TN:
SF:src\server\database\database.connection.ts
FN:5,(anonymous_0)
FNF:1
FNH:1
FNDA:1,(anonymous_0)
DA:1,1
DA:2,1
DA:3,1
DA:5,1
DA:6,1
DA:9,1
DA:11,1
DA:13,0
DA:14,0
DA:16,0
DA:17,0
DA:19,1
DA:23,1
DA:24,1
DA:26,0
DA:27,0
DA:31,0
DA:35,1
LF:18
LH:11
BRDA:11,0,0,0
BRDA:11,0,1,0
BRDA:11,0,2,1
BRF:3
BRH:1
end_of_record
TN:
SF:src\server\database\index.ts
FN:3,(anonymous_0)
FN:5,(anonymous_1)
FNF:2
FNH:2
FNDA:2,(anonymous_0)
FNDA:1,(anonymous_1)
DA:1,1
DA:3,3
DA:5,1
DA:6,1
DA:7,1
DA:8,1
DA:9,1
DA:11,0
LF:8
LH:7
BRF:0
BRH:0
end_of_record
TN:
SF:src\server\modules\services\commit.ts
FN:37,(anonymous_6)
FN:74,(anonymous_7)
FN:114,(anonymous_8)
FN:199,(anonymous_9)
FN:230,(anonymous_10)
FN:268,(anonymous_11)
FNF:6
FNH:3
FNDA:1,(anonymous_6)
FNDA:13,(anonymous_7)
FNDA:1,(anonymous_8)
FNDA:0,(anonymous_9)
FNDA:0,(anonymous_10)
FNDA:0,(anonymous_11)
DA:1,1
DA:4,1
DA:5,1
DA:6,1
DA:7,1
DA:37,1
DA:42,1
DA:43,1
DA:45,1
DA:49,1
DA:50,0
DA:51,0
DA:55,1
DA:60,1
DA:62,1
DA:64,0
DA:66,0
DA:74,1
DA:82,13
DA:83,13
DA:92,13
DA:104,0
DA:106,0
DA:114,1
DA:120,1
DA:121,1
DA:122,0
DA:129,1
DA:130,1
DA:131,1
DA:132,1
DA:138,1
DA:139,0
DA:146,1
DA:150,1
DA:151,13
DA:152,13
DA:153,13
DA:155,13
DA:161,13
DA:162,13
DA:171,13
DA:180,1
DA:183,1
DA:189,0
DA:191,0
DA:199,1
DA:200,0
DA:201,0
DA:202,0
DA:203,0
DA:210,0
DA:218,0
DA:220,0
DA:222,0
DA:230,1
DA:233,0
DA:234,0
DA:236,0
DA:237,0
DA:244,0
DA:256,0
DA:258,0
DA:260,0
DA:268,1
DA:269,0
DA:270,0
DA:280,0
DA:282,0
DA:284,0
LF:70
LH:39
BRDA:49,0,0,0
BRDA:49,0,1,1
BRDA:121,1,0,0
BRDA:138,2,0,0
BRDA:161,3,0,13
BRDA:202,4,0,0
BRDA:236,5,0,0
BRF:7
BRH:2
end_of_record
TN:
SF:src\server\modules\services\repository.ts
FN:15,(anonymous_6)
FN:43,(anonymous_7)
FN:82,(anonymous_8)
FNF:3
FNH:2
FNDA:1,(anonymous_6)
FNDA:1,(anonymous_7)
FNDA:0,(anonymous_8)
DA:1,1
DA:2,1
DA:4,1
DA:6,1
DA:15,1
DA:19,1
DA:20,1
DA:23,1
DA:24,1
DA:25,1
DA:27,1
DA:33,0
DA:35,0
DA:43,1
DA:44,1
DA:45,1
DA:59,1
DA:66,1
DA:72,0
DA:74,0
DA:82,1
DA:83,0
DA:84,0
DA:93,0
DA:94,0
DA:101,0
DA:103,0
DA:105,0
LF:28
LH:17
BRDA:93,0,0,0
BRF:1
BRH:0
end_of_record
TN:
SF:src\server\modules\v1\Repository\repo.model.ts
FNF:0
FNH:0
DA:1,1
DA:2,1
DA:4,1
DA:18,1
LF:4
LH:4
BRF:0
BRH:0
end_of_record
TN:
SF:src\server\modules\v1\Repository\repo.services.ts
FN:10,(anonymous_0)
FN:71,(anonymous_1)
FNF:2
FNH:1
FNDA:1,(anonymous_0)
FNDA:0,(anonymous_1)
DA:1,1
DA:2,1
DA:8,1
DA:10,1
DA:16,1
DA:17,1
DA:19,1
DA:20,0
DA:27,1
DA:29,1
DA:30,0
DA:37,1
DA:44,1
DA:45,0
DA:52,1
DA:53,1
DA:55,1
DA:61,0
DA:63,0
DA:71,1
DA:72,0
DA:73,0
DA:75,0
DA:76,0
DA:83,0
DA:89,0
DA:91,0
LF:27
LH:15
BRDA:12,0,0,0
BRDA:19,1,0,0
BRDA:29,2,0,0
BRDA:44,3,0,0
BRDA:75,4,0,0
BRF:5
BRH:0
end_of_record
TN:
SF:src\server\modules\v1\commit\model.ts
FNF:0
FNH:0
DA:1,1
DA:2,1
DA:3,1
DA:5,1
DA:15,1
DA:51,1
DA:52,1
LF:7
LH:7
BRF:0
BRH:0
end_of_record
